[   384.656] (--) Log file renamed from "/home/truongjae/.local/share/xorg/Xorg.pid-1826.log" to "/home/truongjae/.local/share/xorg/Xorg.0.log"
[   384.658] 
X.Org X Server 1.20.11
X Protocol Version 11, Revision 0
[   384.658] Build Operating System: linux Ubuntu
[   384.658] Current Operating System: Linux ubuntu 5.11.0-34-generic #36~20.04.1-Ubuntu SMP Fri Aug 27 08:06:32 UTC 2021 x86_64
[   384.658] Kernel command line: BOOT_IMAGE=/boot/vmlinuz-5.11.0-34-generic root=UUID=dafd6fdf-6815-4061-9453-c28e979a0732 ro find_preseed=/preseed.cfg auto noprompt priority=critical locale=en_US quiet
[   384.658] Build Date: 06 July 2021  10:17:51AM
[   384.658] xorg-server 2:1.20.11-1ubuntu1~20.04.2 (For technical support please see http://www.ubuntu.com/support) 
[   384.658] Current version of pixman: 0.38.4
[   384.658] 	Before reporting problems, check http://wiki.x.org
	to make sure that you have the latest version.
[   384.658] Markers: (--) probed, (**) from config file, (==) default setting,
	(++) from command line, (!!) notice, (II) informational,
	(WW) warning, (EE) error, (NI) not implemented, (??) unknown.
[   384.658] (==) Log file: "/home/truongjae/.local/share/xorg/Xorg.0.log", Time: Tue Sep 21 09:03:11 2021
[   384.680] (==) Using system config directory "/usr/share/X11/xorg.conf.d"
[   384.701] (==) No Layout section.  Using the first Screen section.
[   384.701] (==) No screen section available. Using defaults.
[   384.701] (**) |-->Screen "Default Screen Section" (0)
[   384.701] (**) |   |-->Monitor "<default monitor>"
[   384.702] (==) No monitor specified for screen "Default Screen Section".
	Using a default monitor configuration.
[   384.702] (==) Automatically adding devices
[   384.702] (==) Automatically enabling devices
[   384.703] (==) Automatically adding GPU devices
[   384.703] (==) Automatically binding GPU devices
[   384.703] (==) Max clients allowed: 256, resource mask: 0x1fffff
[   384.703] (WW) The directory "/usr/share/fonts/X11/cyrillic" does not exist.
[   384.703] 	Entry deleted from font path.
[   384.703] (WW) The directory "/usr/share/fonts/X11/100dpi/" does not exist.
[   384.703] 	Entry deleted from font path.
[   384.703] (WW) The directory "/usr/share/fonts/X11/75dpi/" does not exist.
[   384.703] 	Entry deleted from font path.
[   384.703] (WW) The directory "/usr/share/fonts/X11/100dpi" does not exist.
[   384.703] 	Entry deleted from font path.
[   384.703] (WW) The directory "/usr/share/fonts/X11/75dpi" does not exist.
[   384.703] 	Entry deleted from font path.
[   384.703] (==) FontPath set to:
	/usr/share/fonts/X11/misc,
	/usr/share/fonts/X11/Type1,
	built-ins
[   384.703] (==) ModulePath set to "/usr/lib/xorg/modules"
[   384.703] (II) The server relies on udev to provide the list of input devices.
	If no devices become available, reconfigure udev or disable AutoAddDevices.
[   384.703] (II) Loader magic: 0x55d02eb14020
[   384.703] (II) Module ABI versions:
[   384.703] 	X.Org ANSI C Emulation: 0.4
[   384.703] 	X.Org Video Driver: 24.1
[   384.703] 	X.Org XInput driver : 24.1
[   384.703] 	X.Org Server Extension : 10.0
[   384.709] (++) using VT number 2

[   384.711] (II) systemd-logind: took control of session /org/freedesktop/login1/session/_32
[   384.712] (II) xfree86: Adding drm device (/dev/dri/card0)
[   384.713] (II) systemd-logind: got fd for /dev/dri/card0 226:0 fd 12 paused 0
[   384.718] (--) PCI:*(0@0:15:0) 15ad:0405:15ad:0405 rev 0, Mem @ 0xe8000000/134217728, 0xfe000000/8388608, I/O @ 0x00001070/16, BIOS @ 0x????????/131072
[   384.719] (II) LoadModule: "glx"
[   384.730] (II) Loading /usr/lib/xorg/modules/extensions/libglx.so
[   384.737] (II) Module glx: vendor="X.Org Foundation"
[   384.737] 	compiled for 1.20.11, module version = 1.0.0
[   384.737] 	ABI class: X.Org Server Extension, version 10.0
[   384.737] (==) Matched vmware as autoconfigured driver 0
[   384.737] (==) Matched modesetting as autoconfigured driver 1
[   384.737] (==) Matched fbdev as autoconfigured driver 2
[   384.737] (==) Matched vesa as autoconfigured driver 3
[   384.737] (==) Assigned the driver to the xf86ConfigLayout
[   384.737] (II) LoadModule: "vmware"
[   384.737] (II) Loading /usr/lib/xorg/modules/drivers/vmware_drv.so
[   384.964] (II) Module vmware: vendor="X.Org Foundation"
[   384.964] 	compiled for 1.20.8, module version = 13.3.0
[   384.964] 	Module class: X.Org Video Driver
[   384.964] 	ABI class: X.Org Video Driver, version 24.1
[   384.964] (II) LoadModule: "modesetting"
[   384.968] (II) Loading /usr/lib/xorg/modules/drivers/modesetting_drv.so
[   385.006] (II) Module modesetting: vendor="X.Org Foundation"
[   385.006] 	compiled for 1.20.11, module version = 1.20.11
[   385.006] 	Module class: X.Org Video Driver
[   385.006] 	ABI class: X.Org Video Driver, version 24.1
[   385.006] (II) LoadModule: "fbdev"
[   385.007] (II) Loading /usr/lib/xorg/modules/drivers/fbdev_drv.so
[   385.024] (II) Module fbdev: vendor="X.Org Foundation"
[   385.024] 	compiled for 1.20.1, module version = 0.5.0
[   385.024] 	Module class: X.Org Video Driver
[   385.024] 	ABI class: X.Org Video Driver, version 24.0
[   385.024] (II) LoadModule: "vesa"
[   385.025] (II) Loading /usr/lib/xorg/modules/drivers/vesa_drv.so
[   385.045] (II) Module vesa: vendor="X.Org Foundation"
[   385.045] 	compiled for 1.20.4, module version = 2.4.0
[   385.045] 	Module class: X.Org Video Driver
[   385.045] 	ABI class: X.Org Video Driver, version 24.0
[   385.046] (II) vmware: driver for VMware SVGA: vmware0405, vmware0710
[   385.046] (II) modesetting: Driver for Modesetting Kernel Drivers: kms
[   385.046] (II) FBDEV: driver for framebuffer: fbdev
[   385.046] (II) VESA: driver for VESA chipsets: vesa
[   385.047] xf86EnableIOPorts: failed to set IOPL for I/O (Operation not permitted)
[   385.047] (WW) Falling back to old probe method for modesetting
[   385.048] (WW) Falling back to old probe method for fbdev
[   385.048] (II) Loading sub module "fbdevhw"
[   385.048] (II) LoadModule: "fbdevhw"
[   385.048] (II) Loading /usr/lib/xorg/modules/libfbdevhw.so
[   385.083] (II) Module fbdevhw: vendor="X.Org Foundation"
[   385.083] 	compiled for 1.20.11, module version = 0.0.2
[   385.083] 	ABI class: X.Org Video Driver, version 24.1
[   385.083] (EE) open /dev/fb0: Permission denied
[   385.083] (WW) VGA arbiter: cannot open kernel arbiter, no multi-card support
[   385.083] (II) vmware(0): Creating default Display subsection in Screen section
	"Default Screen Section" for depth/fbbpp 24/32
[   385.083] (--) vmware(0): DRM driver version is 2.18.0
[   385.083] (==) vmware(0): Depth 24, (--) framebuffer bpp 32
[   385.083] (==) vmware(0): RGB weight 888
[   385.083] (==) vmware(0): Default visual is TrueColor
[   385.083] (--) vmware(0): Min width 1, Max Width 16384.
[   385.083] (--) vmware(0): Min height 1, Max Height 16384.
[   385.086] (II) vmware(0): Output Virtual1 has no monitor section
[   385.086] (II) vmware(0): Output Virtual2 has no monitor section
[   385.086] (II) vmware(0): Output Virtual3 has no monitor section
[   385.087] (II) vmware(0): Output Virtual4 has no monitor section
[   385.087] (II) vmware(0): Output Virtual5 has no monitor section
[   385.087] (II) vmware(0): Output Virtual6 has no monitor section
[   385.087] (II) vmware(0): Output Virtual7 has no monitor section
[   385.087] (II) vmware(0): Output Virtual8 has no monitor section
[   385.087] (II) vmware(0): Printing probed modes for output Virtual1
[   385.087] (II) vmware(0): Modeline "1718x928"x60.0  120.82  1718 1768 1818 1868  928 978 1028 1078 -hsync +vsync (64.7 kHz eP)
[   385.088] (II) vmware(0): Modeline "2560x1600"x60.0  348.50  2560 2752 3032 3504  1600 1603 1609 1658 -hsync +vsync (99.5 kHz e)
[   385.088] (II) vmware(0): Modeline "1920x1440"x60.0  234.00  1920 2048 2256 2600  1440 1441 1444 1500 -hsync +vsync (90.0 kHz e)
[   385.088] (II) vmware(0): Modeline "1856x1392"x60.0  218.25  1856 1952 2176 2528  1392 1393 1396 1439 -hsync +vsync (86.3 kHz e)
[   385.088] (II) vmware(0): Modeline "1792x1344"x60.0  204.75  1792 1920 2120 2448  1344 1345 1348 1394 -hsync +vsync (83.6 kHz e)
[   385.088] (II) vmware(0): Modeline "1920x1200"x59.9  193.25  1920 2056 2256 2592  1200 1203 1209 1245 -hsync +vsync (74.6 kHz e)
[   385.088] (II) vmware(0): Modeline "1600x1200"x60.0  162.00  1600 1664 1856 2160  1200 1201 1204 1250 +hsync +vsync (75.0 kHz e)
[   385.088] (II) vmware(0): Modeline "1680x1050"x60.0  146.25  1680 1784 1960 2240  1050 1053 1059 1089 -hsync +vsync (65.3 kHz e)
[   385.088] (II) vmware(0): Modeline "1400x1050"x60.0  121.75  1400 1488 1632 1864  1050 1053 1057 1089 -hsync +vsync (65.3 kHz e)
[   385.088] (II) vmware(0): Modeline "1280x1024"x60.0  108.00  1280 1328 1440 1688  1024 1025 1028 1066 +hsync +vsync (64.0 kHz e)
[   385.088] (II) vmware(0): Modeline "1440x900"x59.9  106.50  1440 1520 1672 1904  900 903 909 934 -hsync +vsync (55.9 kHz e)
[   385.088] (II) vmware(0): Modeline "1280x960"x60.0  108.00  1280 1376 1488 1800  960 961 964 1000 +hsync +vsync (60.0 kHz e)
[   385.088] (II) vmware(0): Modeline "1360x768"x60.0   85.50  1360 1424 1536 1792  768 771 777 795 +hsync +vsync (47.7 kHz e)
[   385.088] (II) vmware(0): Modeline "1280x800"x59.8   83.50  1280 1352 1480 1680  800 803 809 831 +hsync -vsync (49.7 kHz e)
[   385.088] (II) vmware(0): Modeline "1152x864"x75.0  108.00  1152 1216 1344 1600  864 865 868 900 +hsync +vsync (67.5 kHz e)
[   385.088] (II) vmware(0): Modeline "1280x768"x59.9   79.50  1280 1344 1472 1664  768 771 778 798 -hsync +vsync (47.8 kHz e)
[   385.088] (II) vmware(0): Modeline "1024x768"x60.0   65.00  1024 1048 1184 1344  768 771 777 806 -hsync -vsync (48.4 kHz e)
[   385.088] (II) vmware(0): Modeline "800x600"x60.3   40.00  800 840 968 1056  600 601 605 628 +hsync +vsync (37.9 kHz e)
[   385.088] (II) vmware(0): Modeline "640x480"x59.9   25.18  640 656 752 800  480 489 492 525 -hsync -vsync (31.5 kHz e)
[   385.089] (II) vmware(0): EDID for output Virtual2
[   385.089] (II) vmware(0): EDID for output Virtual3
[   385.089] (II) vmware(0): EDID for output Virtual4
[   385.089] (II) vmware(0): EDID for output Virtual5
[   385.089] (II) vmware(0): EDID for output Virtual6
[   385.089] (II) vmware(0): EDID for output Virtual7
[   385.089] (II) vmware(0): EDID for output Virtual8
[   385.089] (II) vmware(0): Output Virtual1 connected
[   385.089] (II) vmware(0): Output Virtual2 disconnected
[   385.089] (II) vmware(0): Output Virtual3 disconnected
[   385.089] (II) vmware(0): Output Virtual4 disconnected
[   385.089] (II) vmware(0): Output Virtual5 disconnected
[   385.089] (II) vmware(0): Output Virtual6 disconnected
[   385.089] (II) vmware(0): Output Virtual7 disconnected
[   385.090] (II) vmware(0): Output Virtual8 disconnected
[   385.090] (II) vmware(0): Using exact sizes for initial modes
[   385.090] (II) vmware(0): Output Virtual1 using initial mode 1718x928 +0+0
[   385.090] (==) vmware(0): DPI set to (96, 96)
[   385.090] (==) vmware(0): Using gamma correction (1.0, 1.0, 1.0)
[   385.090] (II) Loading sub module "fb"
[   385.090] (II) LoadModule: "fb"
[   385.090] (II) Loading /usr/lib/xorg/modules/libfb.so
[   385.106] (II) Module fb: vendor="X.Org Foundation"
[   385.106] 	compiled for 1.20.11, module version = 1.0.0
[   385.106] 	ABI class: X.Org ANSI C Emulation, version 0.4
[   385.106] (II) Loading sub module "dri2"
[   385.106] (II) LoadModule: "dri2"
[   385.106] (II) Module "dri2" already built-in
[   385.106] (II) Loading sub module "dri3"
[   385.106] (II) LoadModule: "dri3"
[   385.106] (II) Module "dri3" already built-in
[   385.106] (II) UnloadModule: "modesetting"
[   385.106] (II) Unloading modesetting
[   385.106] (II) UnloadModule: "fbdev"
[   385.106] (II) Unloading fbdev
[   385.106] (II) UnloadSubModule: "fbdevhw"
[   385.107] (II) Unloading fbdevhw
[   385.107] (II) UnloadModule: "vesa"
[   385.107] (II) Unloading vesa
[   385.133] (II) vmware(0): Initialized VMWARE_CTRL extension version 0.2
[   385.199] (II) vmware(0): Gallium3D XA version: 2.5.0.
[   385.199] (II) vmware(0): Path of drm device is "/dev/dri/card0".
[   385.200] (II) vmware(0): [DRI2] Setup complete
[   385.200] (II) vmware(0): [DRI2]   DRI driver: vmwgfx
[   385.867] (--) vmware(0): Render acceleration is enabled.
[   385.867] (==) vmware(0): Rendercheck mode is disabled.
[   385.867] (--) vmware(0): Direct rendering (DRI2 3D) is enabled.
[   385.867] (--) vmware(0): Direct rendering (DRI3 3D) is enabled.
[   385.867] (==) vmware(0): Direct presents are disabled.
[   385.867] (==) vmware(0): Hardware only presents are automatic per scanout.
[   385.867] (==) vmware(0): Backing store enabled
[   385.867] (==) vmware(0): Silken mouse enabled
[   385.884] (==) vmware(0): DPMS enabled
[   385.884] (II) Initializing extension Generic Event Extension
[   385.885] (II) Initializing extension SHAPE
[   385.885] (II) Initializing extension MIT-SHM
[   385.885] (II) Initializing extension XInputExtension
[   385.886] (II) Initializing extension XTEST
[   385.886] (II) Initializing extension BIG-REQUESTS
[   385.886] (II) Initializing extension SYNC
[   385.887] (II) Initializing extension XKEYBOARD
[   385.887] (II) Initializing extension XC-MISC
[   385.887] (II) Initializing extension SECURITY
[   385.887] (II) Initializing extension XFIXES
[   385.887] (II) Initializing extension RENDER
[   385.887] (II) Initializing extension RANDR
[   385.887] (II) Initializing extension COMPOSITE
[   385.887] (II) Initializing extension DAMAGE
[   385.888] (II) Initializing extension MIT-SCREEN-SAVER
[   385.888] (II) Initializing extension DOUBLE-BUFFER
[   385.888] (II) Initializing extension RECORD
[   385.888] (II) Initializing extension DPMS
[   385.888] (II) Initializing extension Present
[   385.888] (II) Initializing extension DRI3
[   385.888] (II) Initializing extension X-Resource
[   385.888] (II) Initializing extension XVideo
[   385.888] (II) Initializing extension XVideo-MotionCompensation
[   385.888] (II) Initializing extension SELinux
[   385.888] (II) SELinux: Disabled on system
[   385.888] (II) Initializing extension GLX
[   385.901] (II) AIGLX: Loaded and initialized vmwgfx
[   385.901] (II) GLX: Initialized DRI2 GL provider for screen 0
[   385.901] (II) Initializing extension XFree86-VidModeExtension
[   385.902] (II) Initializing extension XFree86-DGA
[   385.902] (II) Initializing extension XFree86-DRI
[   385.902] (II) Initializing extension DRI2
[   385.927] (II) vmware(0): Setting screen physical size to 454 x 245
[   386.002] (II) config/udev: Adding input device Power Button (/dev/input/event0)
[   386.002] (**) Power Button: Applying InputClass "libinput keyboard catchall"
[   386.002] (II) LoadModule: "libinput"
[   386.002] (II) Loading /usr/lib/xorg/modules/input/libinput_drv.so
[   386.024] (II) Module libinput: vendor="X.Org Foundation"
[   386.024] 	compiled for 1.20.4, module version = 0.29.0
[   386.024] 	Module class: X.Org XInput Driver
[   386.024] 	ABI class: X.Org XInput driver, version 24.1
[   386.024] (II) Using input driver 'libinput' for 'Power Button'
[   386.026] (II) systemd-logind: got fd for /dev/input/event0 13:64 fd 24 paused 0
[   386.027] (**) Power Button: always reports core events
[   386.027] (**) Option "Device" "/dev/input/event0"
[   386.027] (**) Option "_source" "server/udev"
[   386.030] (II) event0  - Power Button: is tagged by udev as: Keyboard
[   386.030] (II) event0  - Power Button: device is a keyboard
[   386.030] (II) event0  - Power Button: device removed
[   386.030] (**) Option "config_info" "udev:/sys/devices/LNXSYSTM:00/LNXPWRBN:00/input/input0/event0"
[   386.030] (II) XINPUT: Adding extended input device "Power Button" (type: KEYBOARD, id 6)
[   386.030] (**) Option "xkb_layout" "us"
[   386.031] (II) event0  - Power Button: is tagged by udev as: Keyboard
[   386.031] (II) event0  - Power Button: device is a keyboard
[   386.033] (II) config/udev: Adding input device VMware VMware Virtual USB Mouse (/dev/input/event4)
[   386.033] (**) VMware VMware Virtual USB Mouse: Applying InputClass "libinput pointer catchall"
[   386.033] (II) Using input driver 'libinput' for 'VMware VMware Virtual USB Mouse'
[   386.093] (II) systemd-logind: got fd for /dev/input/event4 13:68 fd 27 paused 0
[   386.093] (**) VMware VMware Virtual USB Mouse: always reports core events
[   386.093] (**) Option "Device" "/dev/input/event4"
[   386.093] (**) Option "_source" "server/udev"
[   386.094] (II) event4  - VMware VMware Virtual USB Mouse: is tagged by udev as: Mouse
[   386.095] (II) event4  - VMware VMware Virtual USB Mouse: device is a pointer
[   386.095] (II) event4  - VMware VMware Virtual USB Mouse: device removed
[   386.095] (**) Option "config_info" "udev:/sys/devices/pci0000:00/0000:00:11.0/0000:02:00.0/usb2/2-1/2-1:1.0/0003:0E0F:0003.0001/input/input5/event4"
[   386.095] (II) XINPUT: Adding extended input device "VMware VMware Virtual USB Mouse" (type: MOUSE, id 7)
[   386.095] (**) Option "AccelerationScheme" "none"
[   386.095] (**) VMware VMware Virtual USB Mouse: (accel) selected scheme none/0
[   386.095] (**) VMware VMware Virtual USB Mouse: (accel) acceleration factor: 2.000
[   386.095] (**) VMware VMware Virtual USB Mouse: (accel) acceleration threshold: 4
[   386.097] (II) event4  - VMware VMware Virtual USB Mouse: is tagged by udev as: Mouse
[   386.097] (II) event4  - VMware VMware Virtual USB Mouse: device is a pointer
[   386.098] (II) config/udev: Adding input device VMware VMware Virtual USB Mouse (/dev/input/mouse2)
[   386.098] (II) No input driver specified, ignoring this device.
[   386.098] (II) This device may have been added with another device file.
[   386.098] (II) config/udev: Adding input device AT Translated Set 2 keyboard (/dev/input/event1)
[   386.098] (**) AT Translated Set 2 keyboard: Applying InputClass "libinput keyboard catchall"
[   386.098] (II) Using input driver 'libinput' for 'AT Translated Set 2 keyboard'
[   386.100] (II) systemd-logind: got fd for /dev/input/event1 13:65 fd 28 paused 0
[   386.100] (**) AT Translated Set 2 keyboard: always reports core events
[   386.100] (**) Option "Device" "/dev/input/event1"
[   386.100] (**) Option "_source" "server/udev"
[   386.101] (II) event1  - AT Translated Set 2 keyboard: is tagged by udev as: Keyboard
[   386.101] (II) event1  - AT Translated Set 2 keyboard: device is a keyboard
[   386.103] (II) event1  - AT Translated Set 2 keyboard: device removed
[   386.103] (**) Option "config_info" "udev:/sys/devices/platform/i8042/serio0/input/input1/event1"
[   386.103] (II) XINPUT: Adding extended input device "AT Translated Set 2 keyboard" (type: KEYBOARD, id 8)
[   386.103] (**) Option "xkb_layout" "us"
[   386.106] (II) event1  - AT Translated Set 2 keyboard: is tagged by udev as: Keyboard
[   386.106] (II) event1  - AT Translated Set 2 keyboard: device is a keyboard
[   386.106] (II) config/udev: Adding input device VirtualPS/2 VMware VMMouse (/dev/input/event3)
[   386.106] (**) VirtualPS/2 VMware VMMouse: Applying InputClass "libinput pointer catchall"
[   386.106] (II) Using input driver 'libinput' for 'VirtualPS/2 VMware VMMouse'
[   386.107] (II) systemd-logind: got fd for /dev/input/event3 13:67 fd 29 paused 0
[   386.107] (**) VirtualPS/2 VMware VMMouse: always reports core events
[   386.107] (**) Option "Device" "/dev/input/event3"
[   386.107] (**) Option "_source" "server/udev"
[   386.109] (II) event3  - VirtualPS/2 VMware VMMouse: is tagged by udev as: Mouse
[   386.109] (II) event3  - VirtualPS/2 VMware VMMouse: device is a pointer
[   386.109] (II) event3  - VirtualPS/2 VMware VMMouse: device removed
[   386.110] (**) Option "config_info" "udev:/sys/devices/platform/i8042/serio1/input/input3/event3"
[   386.110] (II) XINPUT: Adding extended input device "VirtualPS/2 VMware VMMouse" (type: MOUSE, id 9)
[   386.110] (**) Option "AccelerationScheme" "none"
[   386.110] (**) VirtualPS/2 VMware VMMouse: (accel) selected scheme none/0
[   386.110] (**) VirtualPS/2 VMware VMMouse: (accel) acceleration factor: 2.000
[   386.110] (**) VirtualPS/2 VMware VMMouse: (accel) acceleration threshold: 4
[   386.111] (II) event3  - VirtualPS/2 VMware VMMouse: is tagged by udev as: Mouse
[   386.111] (II) event3  - VirtualPS/2 VMware VMMouse: device is a pointer
[   386.111] (II) config/udev: Adding input device VirtualPS/2 VMware VMMouse (/dev/input/mouse1)
[   386.111] (II) No input driver specified, ignoring this device.
[   386.111] (II) This device may have been added with another device file.
[   386.112] (II) config/udev: Adding input device VirtualPS/2 VMware VMMouse (/dev/input/event2)
[   386.112] (**) VirtualPS/2 VMware VMMouse: Applying InputClass "libinput pointer catchall"
[   386.112] (II) Using input driver 'libinput' for 'VirtualPS/2 VMware VMMouse'
[   386.112] (II) systemd-logind: got fd for /dev/input/event2 13:66 fd 30 paused 0
[   386.112] (**) VirtualPS/2 VMware VMMouse: always reports core events
[   386.112] (**) Option "Device" "/dev/input/event2"
[   386.112] (**) Option "_source" "server/udev"
[   386.113] (II) event2  - VirtualPS/2 VMware VMMouse: is tagged by udev as: Mouse
[   386.113] (II) event2  - VirtualPS/2 VMware VMMouse: device is a pointer
[   386.113] (II) event2  - VirtualPS/2 VMware VMMouse: device removed
[   386.114] (**) Option "config_info" "udev:/sys/devices/platform/i8042/serio1/input/input4/event2"
[   386.114] (II) XINPUT: Adding extended input device "VirtualPS/2 VMware VMMouse" (type: MOUSE, id 10)
[   386.114] (**) Option "AccelerationScheme" "none"
[   386.114] (**) VirtualPS/2 VMware VMMouse: (accel) selected scheme none/0
[   386.114] (**) VirtualPS/2 VMware VMMouse: (accel) acceleration factor: 2.000
[   386.114] (**) VirtualPS/2 VMware VMMouse: (accel) acceleration threshold: 4
[   386.115] (II) event2  - VirtualPS/2 VMware VMMouse: is tagged by udev as: Mouse
[   386.115] (II) event2  - VirtualPS/2 VMware VMMouse: device is a pointer
[   386.115] (II) config/udev: Adding input device VirtualPS/2 VMware VMMouse (/dev/input/mouse0)
[   386.115] (II) No input driver specified, ignoring this device.
[   386.115] (II) This device may have been added with another device file.
